# JRE version: Java(TM) SE Runtime Environment (9.0+11) (build 9.0.1+11)
# Java VM: Java HotSpot(TM) 64-Bit Server VM (9.0.1+11, mixed mode, tiered, compressed oops, g1 gc, windows-amd64)
Heap:
 garbage-first heap   total 260096K, used 37924K [0x00000006c2200000, 0x00000006c23007f0, 0x00000007c0000000)
  region size 1024K, 27 young (27648K), 4 survivors (4096K)
 Metaspace       used 22692K, capacity 23854K, committed 23936K, reserved 1071104K
  class space    used 2630K, capacity 2878K, committed 2944K, reserved 1048576K
GC Heap History (6 events):
Event: 1.286 GC heap before
{Heap before GC invocations=0 (full 0):
 garbage-first heap   total 260096K, used 14336K [0x00000006c2200000, 0x00000006c23007f0, 0x00000007c0000000)
  region size 1024K, 14 young (14336K), 0 survivors (0K)
 Metaspace       used 11354K, capacity 12172K, committed 12416K, reserved 1060864K
  class space    used 1183K, capacity 1352K, committed 1408K, reserved 1048576K
}
Event: 1.292 GC heap after
{Heap after GC invocations=1 (full 0):
 garbage-first heap   total 260096K, used 3124K [0x00000006c2200000, 0x00000006c23007f0, 0x00000007c0000000)
  region size 1024K, 2 young (2048K), 2 survivors (2048K)
 Metaspace       used 11354K, capacity 12172K, committed 12416K, reserved 1060864K
  class space    used 1183K, capacity 1352K, committed 1408K, reserved 1048576K
}
Event: 1.867 GC heap before
{Heap before GC invocations=1 (full 0):
 garbage-first heap   total 260096K, used 15412K [0x00000006c2200000, 0x00000006c23007f0, 0x00000007c0000000)
  region size 1024K, 14 young (14336K), 2 survivors (2048K)
 Metaspace       used 13622K, capacity 14490K, committed 14848K, reserved 1062912K
  class space    used 1498K, capacity 1689K, committed 1792K, reserved 1048576K
}
Event: 1.875 GC heap after
{Heap after GC invocations=2 (full 0):
 garbage-first heap   total 260096K, used 4405K [0x00000006c2200000, 0x00000006c23007f0, 0x00000007c0000000)
  region size 1024K, 2 young (2048K), 2 survivors (2048K)
 Metaspace       used 13622K, capacity 14490K, committed 14848K, reserved 1062912K
  class space    used 1498K, capacity 1689K, committed 1792K, reserved 1048576K
}
Event: 3.772 GC heap before
{Heap before GC invocations=2 (full 0):
 garbage-first heap   total 260096K, used 21813K [0x00000006c2200000, 0x00000006c23007f0, 0x00000007c0000000)
  region size 1024K, 13 young (13312K), 2 survivors (2048K)
 Metaspace       used 20186K, capacity 21126K, committed 21296K, reserved 1069056K
  class space    used 2419K, capacity 2617K, committed 2688K, reserved 1048576K
}
Event: 3.779 GC heap after
{Heap after GC invocations=3 (full 0):
 garbage-first heap   total 260096K, used 10276K [0x00000006c2200000, 0x00000006c23007f0, 0x00000007c0000000)
  region size 1024K, 4 young (4096K), 4 survivors (4096K)
 Metaspace       used 20186K, capacity 21126K, committed 21296K, reserved 1069056K
  class space    used 2419K, capacity 2617K, committed 2688K, reserved 1048576K
}

